# JRE version: OpenJDK Runtime Environment Temurin-17.0.8+7 (17.0.8+7) (build 17.0.8+7)
# Java VM: OpenJDK 64-Bit Server VM Temurin-17.0.8+7 (17.0.8+7, mixed mode, tiered, compressed oops, compressed class ptrs, g1 gc, linux-amd64)
GC Precious Log:
 CPUs: 8 total, 8 available
 Memory: 23825M
 Large Page Support: Disabled
 NUMA Support: Disabled
 Compressed Oops: Enabled (Zero based)
 Heap Region Size: 4M
 Heap Min Capacity: 8M
 Heap Initial Capacity: 376M
 Heap Max Capacity: 5960M
 Pre-touch: Disabled
 Parallel Workers: 8
 Concurrent Workers: 2
 Concurrent Refinement Workers: 8
 Periodic GC: Disabled
Heap:
 garbage-first heap   total 180224K, used 88297K [0x000000068b800000, 0x0000000800000000)
  region size 4096K, 4 young (16384K), 2 survivors (8192K)
 Metaspace       used 72569K, committed 75648K, reserved 1179648K
  class space    used 8531K, committed 9856K, reserved 1048576K
GC Heap History (20 events):
Event: 4325,704 GC heap before
{Heap before GC invocations=114 (full 0):
 garbage-first heap   total 180224K, used 142118K [0x000000068b800000, 0x0000000800000000)
  region size 4096K, 18 young (73728K), 2 survivors (8192K)
 Metaspace       used 71483K, committed 74368K, reserved 1114112K
  class space    used 8482K, committed 9728K, reserved 1048576K
}
Event: 4325,705 GC heap after
{Heap after GC invocations=115 (full 0):
 garbage-first heap   total 180224K, used 76943K [0x000000068b800000, 0x0000000800000000)
  region size 4096K, 1 young (4096K), 1 survivors (4096K)
 Metaspace       used 71483K, committed 74368K, reserved 1114112K
  class space    used 8482K, committed 9728K, reserved 1048576K
}
Event: 4338,532 GC heap before
{Heap before GC invocations=115 (full 0):
 garbage-first heap   total 180224K, used 138383K [0x000000068b800000, 0x0000000800000000)
  region size 4096K, 17 young (69632K), 1 survivors (4096K)
 Metaspace       used 71584K, committed 74496K, reserved 1114112K
  class space    used 8487K, committed 9728K, reserved 1048576K
}
Event: 4338,540 GC heap after
{Heap after GC invocations=116 (full 0):
 garbage-first heap   total 180224K, used 81397K [0x000000068b800000, 0x0000000800000000)
  region size 4096K, 2 young (8192K), 2 survivors (8192K)
 Metaspace       used 71584K, committed 74496K, reserved 1114112K
  class space    used 8487K, committed 9728K, reserved 1048576K
}
Event: 4352,513 GC heap before
{Heap before GC invocations=116 (full 0):
 garbage-first heap   total 180224K, used 142837K [0x000000068b800000, 0x0000000800000000)
  region size 4096K, 17 young (69632K), 2 survivors (8192K)
 Metaspace       used 71719K, committed 74688K, reserved 1114112K
  class space    used 8494K, committed 9792K, reserved 1048576K
}
Event: 4352,515 GC heap after
{Heap after GC invocations=117 (full 0):
 garbage-first heap   total 180224K, used 77189K [0x000000068b800000, 0x0000000800000000)
  region size 4096K, 1 young (4096K), 1 survivors (4096K)
 Metaspace       used 71719K, committed 74688K, reserved 1114112K
  class space    used 8494K, committed 9792K, reserved 1048576K
}
Event: 4385,149 GC heap before
{Heap before GC invocations=117 (full 0):
 garbage-first heap   total 180224K, used 142725K [0x000000068b800000, 0x0000000800000000)
  region size 4096K, 17 young (69632K), 1 survivors (4096K)
 Metaspace       used 71860K, committed 74816K, reserved 1114112K
  class space    used 8499K, committed 9792K, reserved 1048576K
}
Event: 4385,153 GC heap after
{Heap after GC invocations=118 (full 0):
 garbage-first heap   total 180224K, used 80786K [0x000000068b800000, 0x0000000800000000)
  region size 4096K, 2 young (8192K), 2 survivors (8192K)
 Metaspace       used 71860K, committed 74816K, reserved 1114112K
  class space    used 8499K, committed 9792K, reserved 1048576K
}
Event: 4409,196 GC heap before
{Heap before GC invocations=118 (full 0):
 garbage-first heap   total 180224K, used 142226K [0x000000068b800000, 0x0000000800000000)
  region size 4096K, 17 young (69632K), 2 survivors (8192K)
 Metaspace       used 72021K, committed 75008K, reserved 1179648K
  class space    used 8505K, committed 9792K, reserved 1048576K
}
Event: 4409,201 GC heap after
{Heap after GC invocations=119 (full 0):
 garbage-first heap   total 180224K, used 82763K [0x000000068b800000, 0x0000000800000000)
  region size 4096K, 2 young (8192K), 2 survivors (8192K)
 Metaspace       used 72021K, committed 75008K, reserved 1179648K
  class space    used 8505K, committed 9792K, reserved 1048576K
}
Event: 4430,586 GC heap before
{Heap before GC invocations=119 (full 0):
 garbage-first heap   total 180224K, used 140107K [0x000000068b800000, 0x0000000800000000)
  region size 4096K, 16 young (65536K), 2 survivors (8192K)
 Metaspace       used 72145K, committed 75136K, reserved 1179648K
  class space    used 8510K, committed 9792K, reserved 1048576K
}
Event: 4430,589 GC heap after
{Heap after GC invocations=120 (full 0):
 garbage-first heap   total 180224K, used 83518K [0x000000068b800000, 0x0000000800000000)
  region size 4096K, 2 young (8192K), 2 survivors (8192K)
 Metaspace       used 72145K, committed 75136K, reserved 1179648K
  class space    used 8510K, committed 9792K, reserved 1048576K
}
Event: 4445,196 GC heap before
{Heap before GC invocations=120 (full 0):
 garbage-first heap   total 180224K, used 140862K [0x000000068b800000, 0x0000000800000000)
  region size 4096K, 16 young (65536K), 2 survivors (8192K)
 Metaspace       used 72249K, committed 75264K, reserved 1179648K
  class space    used 8515K, committed 9792K, reserved 1048576K
}
Event: 4445,200 GC heap after
{Heap after GC invocations=121 (full 0):
 garbage-first heap   total 180224K, used 83654K [0x000000068b800000, 0x0000000800000000)
  region size 4096K, 2 young (8192K), 2 survivors (8192K)
 Metaspace       used 72249K, committed 75264K, reserved 1179648K
  class space    used 8515K, committed 9792K, reserved 1048576K
}
Event: 4471,207 GC heap before
{Heap before GC invocations=121 (full 0):
 garbage-first heap   total 180224K, used 140998K [0x000000068b800000, 0x0000000800000000)
  region size 4096K, 16 young (65536K), 2 survivors (8192K)
 Metaspace       used 72356K, committed 75456K, reserved 1179648K
  class space    used 8521K, committed 9856K, reserved 1048576K
}
Event: 4471,209 GC heap after
{Heap after GC invocations=122 (full 0):
 garbage-first heap   total 180224K, used 84058K [0x000000068b800000, 0x0000000800000000)
  region size 4096K, 2 young (8192K), 2 survivors (8192K)
 Metaspace       used 72356K, committed 75456K, reserved 1179648K
  class space    used 8521K, committed 9856K, reserved 1048576K
}
Event: 4479,011 GC heap before
{Heap before GC invocations=122 (full 0):
 garbage-first heap   total 180224K, used 141402K [0x000000068b800000, 0x0000000800000000)
  region size 4096K, 16 young (65536K), 2 survivors (8192K)
 Metaspace       used 72463K, committed 75520K, reserved 1179648K
  class space    used 8526K, committed 9856K, reserved 1048576K
}
Event: 4479,015 GC heap after
{Heap after GC invocations=123 (full 0):
 garbage-first heap   total 180224K, used 84687K [0x000000068b800000, 0x0000000800000000)
  region size 4096K, 2 young (8192K), 2 survivors (8192K)
 Metaspace       used 72463K, committed 75520K, reserved 1179648K
  class space    used 8526K, committed 9856K, reserved 1048576K
}
Event: 4493,013 GC heap before
{Heap before GC invocations=123 (full 0):
 garbage-first heap   total 180224K, used 137935K [0x000000068b800000, 0x0000000800000000)
  region size 4096K, 15 young (61440K), 2 survivors (8192K)
 Metaspace       used 72569K, committed 75648K, reserved 1179648K
  class space    used 8531K, committed 9856K, reserved 1048576K
}
Event: 4493,016 GC heap after
{Heap after GC invocations=124 (full 0):
 garbage-first heap   total 180224K, used 84201K [0x000000068b800000, 0x0000000800000000)
  region size 4096K, 2 young (8192K), 2 survivors (8192K)
 Metaspace       used 72569K, committed 75648K, reserved 1179648K
  class space    used 8531K, committed 9856K, reserved 1048576K
}

